[15.034s] DEBUG:colcon:Command line arguments: ['/usr/bin/colcon', 'build']
[15.034s] DEBUG:colcon:Parsed command line arguments: Namespace(log_base=None, log_level=None, verb_name='build', build_base='build', install_base='install', merge_install=False, symlink_install=False, test_result_base=None, continue_on_error=False, executor='parallel', parallel_workers=32, event_handlers=None, ignore_user_meta=False, metas=['./colcon.meta'], base_paths=['.'], packages_ignore=None, packages_ignore_regex=None, paths=None, packages_up_to=None, packages_up_to_regex=None, packages_above=None, packages_above_and_dependencies=None, packages_above_depth=None, packages_select_by_dep=None, packages_skip_by_dep=None, packages_skip_up_to=None, packages_select_build_failed=False, packages_skip_build_finished=False, packages_select_test_failures=False, packages_skip_test_passed=False, packages_select=None, packages_skip=None, packages_select_regex=None, packages_skip_regex=None, packages_start=None, packages_end=None, allow_overriding=[], cmake_args=None, cmake_target=None, cmake_target_skip_unavailable=False, cmake_clean_cache=False, cmake_clean_first=False, cmake_force_configure=False, ament_cmake_args=None, catkin_cmake_args=None, catkin_skip_building_tests=False, verb_parser=<colcon_defaults.argument_parser.defaults.DefaultArgumentsDecorator object at 0x7f74e68b8a00>, verb_extension=<colcon_core.verb.build.BuildVerb object at 0x7f74e68bb310>, main=<bound method BuildVerb.main of <colcon_core.verb.build.BuildVerb object at 0x7f74e68bb310>>)
[16.805s] Level 1:colcon.colcon_core.package_discovery:discover_packages(colcon_meta) check parameters
[16.805s] Level 1:colcon.colcon_core.package_discovery:discover_packages(recursive) check parameters
[16.805s] Level 1:colcon.colcon_core.package_discovery:discover_packages(ignore) check parameters
[16.805s] Level 1:colcon.colcon_core.package_discovery:discover_packages(path) check parameters
[16.805s] Level 1:colcon.colcon_core.package_discovery:discover_packages(colcon_meta) discover
[16.805s] Level 1:colcon.colcon_core.package_discovery:discover_packages(recursive) discover
[16.805s] INFO:colcon.colcon_core.package_discovery:Crawling recursively for packages in '/home/lacie/workspace/junbot_issac_sim'
[16.805s] Level 1:colcon.colcon_core.package_identification:_identify(.) by extensions ['ignore', 'ignore_ament_install']
[16.805s] Level 1:colcon.colcon_core.package_identification:_identify(.) by extension 'ignore'
[16.805s] Level 1:colcon.colcon_core.package_identification:_identify(.) by extension 'ignore_ament_install'
[16.805s] Level 1:colcon.colcon_core.package_identification:_identify(.) by extensions ['colcon_pkg']
[16.805s] Level 1:colcon.colcon_core.package_identification:_identify(.) by extension 'colcon_pkg'
[16.805s] Level 1:colcon.colcon_core.package_identification:_identify(.) by extensions ['colcon_meta']
[16.805s] Level 1:colcon.colcon_core.package_identification:_identify(.) by extension 'colcon_meta'
[16.805s] Level 1:colcon.colcon_core.package_identification:_identify(.) by extensions ['ros']
[16.805s] Level 1:colcon.colcon_core.package_identification:_identify(.) by extension 'ros'
[16.810s] Level 1:colcon.colcon_core.package_identification:_identify(.) by extensions ['cmake', 'python']
[16.810s] Level 1:colcon.colcon_core.package_identification:_identify(.) by extension 'cmake'
[16.810s] Level 1:colcon.colcon_core.package_identification:_identify(.) by extension 'python'
[16.810s] Level 1:colcon.colcon_core.package_identification:_identify(.) by extensions ['python_setup_py']
[16.810s] Level 1:colcon.colcon_core.package_identification:_identify(.) by extension 'python_setup_py'
[16.810s] Level 1:colcon.colcon_core.package_identification:_identify(build) by extensions ['ignore', 'ignore_ament_install']
[16.810s] Level 1:colcon.colcon_core.package_identification:_identify(build) by extension 'ignore'
[16.810s] Level 1:colcon.colcon_core.package_identification:_identify(build) ignored
[16.810s] Level 1:colcon.colcon_core.package_identification:_identify(install) by extensions ['ignore', 'ignore_ament_install']
[16.810s] Level 1:colcon.colcon_core.package_identification:_identify(install) by extension 'ignore'
[16.810s] Level 1:colcon.colcon_core.package_identification:_identify(install) ignored
[16.810s] Level 1:colcon.colcon_core.package_identification:_identify(log) by extensions ['ignore', 'ignore_ament_install']
[16.810s] Level 1:colcon.colcon_core.package_identification:_identify(log) by extension 'ignore'
[16.810s] Level 1:colcon.colcon_core.package_identification:_identify(log) ignored
[16.810s] Level 1:colcon.colcon_core.package_identification:_identify(src) by extensions ['ignore', 'ignore_ament_install']
[16.811s] Level 1:colcon.colcon_core.package_identification:_identify(src) by extension 'ignore'
[16.811s] Level 1:colcon.colcon_core.package_identification:_identify(src) by extension 'ignore_ament_install'
[16.811s] Level 1:colcon.colcon_core.package_identification:_identify(src) by extensions ['colcon_pkg']
[16.811s] Level 1:colcon.colcon_core.package_identification:_identify(src) by extension 'colcon_pkg'
[16.811s] Level 1:colcon.colcon_core.package_identification:_identify(src) by extensions ['colcon_meta']
[16.811s] Level 1:colcon.colcon_core.package_identification:_identify(src) by extension 'colcon_meta'
[16.811s] Level 1:colcon.colcon_core.package_identification:_identify(src) by extensions ['ros']
[16.811s] Level 1:colcon.colcon_core.package_identification:_identify(src) by extension 'ros'
[16.811s] Level 1:colcon.colcon_core.package_identification:_identify(src) by extensions ['cmake', 'python']
[16.811s] Level 1:colcon.colcon_core.package_identification:_identify(src) by extension 'cmake'
[16.811s] Level 1:colcon.colcon_core.package_identification:_identify(src) by extension 'python'
[16.811s] Level 1:colcon.colcon_core.package_identification:_identify(src) by extensions ['python_setup_py']
[16.811s] Level 1:colcon.colcon_core.package_identification:_identify(src) by extension 'python_setup_py'
[16.811s] Level 1:colcon.colcon_core.package_discovery:discover_packages(recursive) using defaults
[16.811s] Level 1:colcon.colcon_core.package_discovery:discover_packages(ignore) discover
[16.811s] Level 1:colcon.colcon_core.package_discovery:discover_packages(ignore) using defaults
[16.811s] Level 1:colcon.colcon_core.package_discovery:discover_packages(path) discover
[16.811s] Level 1:colcon.colcon_core.package_discovery:discover_packages(path) using defaults
[18.263s] Level 1:colcon.colcon_core.package_discovery:discover_packages(prefix_path) check parameters
[18.263s] Level 1:colcon.colcon_core.package_discovery:discover_packages(prefix_path) discover
[18.276s] DEBUG:colcon.colcon_installed_package_information.package_discovery:Found 271 installed packages in /opt/ros/humble
[18.277s] Level 1:colcon.colcon_core.package_discovery:discover_packages(prefix_path) using defaults
[18.418s] INFO:colcon.colcon_core.executor:Executing jobs using 'parallel' executor
[18.424s] DEBUG:colcon.colcon_parallel_executor.executor.parallel:run_until_complete
[18.424s] DEBUG:colcon.colcon_parallel_executor.executor.parallel:closing loop
[18.424s] DEBUG:colcon.colcon_parallel_executor.executor.parallel:loop closed
[18.424s] DEBUG:colcon.colcon_parallel_executor.executor.parallel:run_until_complete finished with '0'
[18.424s] DEBUG:colcon.colcon_core.event_reactor:joining thread
[18.971s] INFO:colcon.colcon_core.plugin_system:Skipping extension 'colcon_notification.desktop_notification.terminal_notifier': Not used on non-Darwin systems
[18.971s] INFO:colcon.colcon_core.plugin_system:Skipping extension 'colcon_notification.desktop_notification.win32': Not used on non-Windows systems
[18.971s] INFO:colcon.colcon_notification.desktop_notification:Sending desktop notification using 'notify2'
[19.176s] DEBUG:colcon.colcon_core.event_reactor:joined thread
[20.805s] INFO:colcon.colcon_core.plugin_system:Skipping extension 'colcon_core.shell.bat': Not used on non-Windows systems
[20.806s] INFO:colcon.colcon_core.shell:Creating prefix script '/home/lacie/workspace/junbot_issac_sim/install/local_setup.ps1'
[20.914s] INFO:colcon.colcon_core.shell:Creating prefix util module '/home/lacie/workspace/junbot_issac_sim/install/_local_setup_util_ps1.py'
[20.963s] INFO:colcon.colcon_core.shell:Creating prefix chain script '/home/lacie/workspace/junbot_issac_sim/install/setup.ps1'
[21.004s] INFO:colcon.colcon_core.shell:Creating prefix script '/home/lacie/workspace/junbot_issac_sim/install/local_setup.sh'
[21.066s] INFO:colcon.colcon_core.shell:Creating prefix util module '/home/lacie/workspace/junbot_issac_sim/install/_local_setup_util_sh.py'
[21.066s] INFO:colcon.colcon_core.shell:Creating prefix chain script '/home/lacie/workspace/junbot_issac_sim/install/setup.sh'
[21.101s] INFO:colcon.colcon_core.shell:Creating prefix script '/home/lacie/workspace/junbot_issac_sim/install/local_setup.bash'
[21.165s] INFO:colcon.colcon_core.shell:Creating prefix chain script '/home/lacie/workspace/junbot_issac_sim/install/setup.bash'
[21.248s] INFO:colcon.colcon_core.shell:Creating prefix script '/home/lacie/workspace/junbot_issac_sim/install/local_setup.zsh'
[21.321s] INFO:colcon.colcon_core.shell:Creating prefix chain script '/home/lacie/workspace/junbot_issac_sim/install/setup.zsh'
